Determining if the pthread_create exist failed with the following output:
Change Dir: /home/yeungsl/ebbrt-contrib/apps/counter/Debug/CMakeFiles/CMakeTmp

Run Build Command:/usr/bin/make "cmTryCompileExec3417118851/fast"
make[1]: Entering directory `/home/yeungsl/ebbrt-contrib/apps/counter/Debug/CMakeFiles/CMakeTmp'
/usr/bin/make -f CMakeFiles/cmTryCompileExec3417118851.dir/build.make CMakeFiles/cmTryCompileExec3417118851.dir/build
make[2]: Entering directory `/home/yeungsl/ebbrt-contrib/apps/counter/Debug/CMakeFiles/CMakeTmp'
/usr/bin/cmake -E cmake_progress_report /home/yeungsl/ebbrt-contrib/apps/counter/Debug/CMakeFiles/CMakeTmp/CMakeFiles 1
Building C object CMakeFiles/cmTryCompileExec3417118851.dir/CheckSymbolExists.c.o
/usr/bin/cc    -o CMakeFiles/cmTryCompileExec3417118851.dir/CheckSymbolExists.c.o   -c /home/yeungsl/ebbrt-contrib/apps/counter/Debug/CMakeFiles/CMakeTmp/CheckSymbolExists.c
Linking C executable cmTryCompileExec3417118851
/usr/bin/cmake -E cmake_link_script CMakeFiles/cmTryCompileExec3417118851.dir/link.txt --verbose=1
/usr/bin/cc       CMakeFiles/cmTryCompileExec3417118851.dir/CheckSymbolExists.c.o  -o cmTryCompileExec3417118851 -rdynamic 
CMakeFiles/cmTryCompileExec3417118851.dir/CheckSymbolExists.c.o: In function `main':
CheckSymbolExists.c:(.text+0x16): undefined reference to `pthread_create'
collect2: error: ld returned 1 exit status
make[2]: *** [cmTryCompileExec3417118851] Error 1
make[2]: Leaving directory `/home/yeungsl/ebbrt-contrib/apps/counter/Debug/CMakeFiles/CMakeTmp'
make[1]: Leaving directory `/home/yeungsl/ebbrt-contrib/apps/counter/Debug/CMakeFiles/CMakeTmp'
make[1]: *** [cmTryCompileExec3417118851/fast] Error 2

File /home/yeungsl/ebbrt-contrib/apps/counter/Debug/CMakeFiles/CMakeTmp/CheckSymbolExists.c:
/* */
#include <pthread.h>

int main(int argc, char** argv)
{
  (void)argv;
#ifndef pthread_create
  return ((int*)(&pthread_create))[argc];
#else
  (void)argc;
  return 0;
#endif
}

Determining if the function pthread_create exists in the pthreads failed with the following output:
Change Dir: /home/yeungsl/ebbrt-contrib/apps/counter/Debug/CMakeFiles/CMakeTmp

Run Build Command:/usr/bin/make "cmTryCompileExec20135584/fast"
make[1]: Entering directory `/home/yeungsl/ebbrt-contrib/apps/counter/Debug/CMakeFiles/CMakeTmp'
/usr/bin/make -f CMakeFiles/cmTryCompileExec20135584.dir/build.make CMakeFiles/cmTryCompileExec20135584.dir/build
make[2]: Entering directory `/home/yeungsl/ebbrt-contrib/apps/counter/Debug/CMakeFiles/CMakeTmp'
/usr/bin/cmake -E cmake_progress_report /home/yeungsl/ebbrt-contrib/apps/counter/Debug/CMakeFiles/CMakeTmp/CMakeFiles 1
Building C object CMakeFiles/cmTryCompileExec20135584.dir/CheckFunctionExists.c.o
/usr/bin/cc   -DCHECK_FUNCTION_EXISTS=pthread_create   -o CMakeFiles/cmTryCompileExec20135584.dir/CheckFunctionExists.c.o   -c /usr/share/cmake-2.8/Modules/CheckFunctionExists.c
Linking C executable cmTryCompileExec20135584
/usr/bin/cmake -E cmake_link_script CMakeFiles/cmTryCompileExec20135584.dir/link.txt --verbose=1
/usr/bin/cc   -DCHECK_FUNCTION_EXISTS=pthread_create    CMakeFiles/cmTryCompileExec20135584.dir/CheckFunctionExists.c.o  -o cmTryCompileExec20135584 -rdynamic -lpthreads 
/usr/bin/ld: cannot find -lpthreads
collect2: error: ld returned 1 exit status
make[2]: Leaving directory `/home/yeungsl/ebbrt-contrib/apps/counter/Debug/CMakeFiles/CMakeTmp'
make[2]: *** [cmTryCompileExec20135584] Error 1
make[1]: Leaving directory `/home/yeungsl/ebbrt-contrib/apps/counter/Debug/CMakeFiles/CMakeTmp'
make[1]: *** [cmTryCompileExec20135584/fast] Error 2


