The target system is: EbbRT -  - 
The host system is: Linux - 3.13.0-83-generic - x86_64
Compiling the C compiler identification source file "CMakeCCompilerId.c" succeeded.
Compiler: /home/yeungsl/EbbRT/toolchain/sysroot/usr/bin/x86_64-pc-ebbrt-gcc 
Build flags: 
Id flags: 

The output was:
0


Compilation of the C compiler identification source "CMakeCCompilerId.c" produced "a.out"

The C compiler identification is GNU, found in "/home/yeungsl/ebbrt-contrib/apps/counter/Debug/bm/CMakeFiles/2.8.12.2/CompilerIdC/a.out"

Compiling the CXX compiler identification source file "CMakeCXXCompilerId.cpp" succeeded.
Compiler: /home/yeungsl/EbbRT/toolchain/sysroot/usr/bin/x86_64-pc-ebbrt-g++ 
Build flags: ;-std=gnu++14;-std=gnu++14
Id flags: 

The output was:
0


Compilation of the CXX compiler identification source "CMakeCXXCompilerId.cpp" produced "a.out"

The CXX compiler identification is GNU, found in "/home/yeungsl/ebbrt-contrib/apps/counter/Debug/bm/CMakeFiles/2.8.12.2/CompilerIdCXX/a.out"

Determining if the C compiler works passed with the following output:
Change Dir: /home/yeungsl/ebbrt-contrib/apps/counter/Debug/bm/CMakeFiles/CMakeTmp

Run Build Command:/usr/bin/make "cmTryCompileExec1697191608/fast"
make[1]: Entering directory `/home/yeungsl/ebbrt-contrib/apps/counter/Debug/bm/CMakeFiles/CMakeTmp'
/usr/bin/make -f CMakeFiles/cmTryCompileExec1697191608.dir/build.make CMakeFiles/cmTryCompileExec1697191608.dir/build
make[2]: Entering directory `/home/yeungsl/ebbrt-contrib/apps/counter/Debug/bm/CMakeFiles/CMakeTmp'
/usr/bin/cmake -E cmake_progress_report /home/yeungsl/ebbrt-contrib/apps/counter/Debug/bm/CMakeFiles/CMakeTmp/CMakeFiles 1
Building C object CMakeFiles/cmTryCompileExec1697191608.dir/testCCompiler.c.obj
/home/yeungsl/EbbRT/toolchain/sysroot/usr/bin/x86_64-pc-ebbrt-gcc    -o CMakeFiles/cmTryCompileExec1697191608.dir/testCCompiler.c.obj   -c /home/yeungsl/ebbrt-contrib/apps/counter/Debug/bm/CMakeFiles/CMakeTmp/testCCompiler.c
Linking C executable cmTryCompileExec1697191608
/usr/bin/cmake -E cmake_link_script CMakeFiles/cmTryCompileExec1697191608.dir/link.txt --verbose=1
/home/yeungsl/EbbRT/toolchain/sysroot/usr/bin/x86_64-pc-ebbrt-gcc       CMakeFiles/cmTryCompileExec1697191608.dir/testCCompiler.c.obj  -o cmTryCompileExec1697191608  
make[2]: Leaving directory `/home/yeungsl/ebbrt-contrib/apps/counter/Debug/bm/CMakeFiles/CMakeTmp'
make[1]: Leaving directory `/home/yeungsl/ebbrt-contrib/apps/counter/Debug/bm/CMakeFiles/CMakeTmp'


Detecting C compiler ABI info compiled with the following output:
Change Dir: /home/yeungsl/ebbrt-contrib/apps/counter/Debug/bm/CMakeFiles/CMakeTmp

Run Build Command:/usr/bin/make "cmTryCompileExec3984090097/fast"
make[1]: Entering directory `/home/yeungsl/ebbrt-contrib/apps/counter/Debug/bm/CMakeFiles/CMakeTmp'
/usr/bin/make -f CMakeFiles/cmTryCompileExec3984090097.dir/build.make CMakeFiles/cmTryCompileExec3984090097.dir/build
make[2]: Entering directory `/home/yeungsl/ebbrt-contrib/apps/counter/Debug/bm/CMakeFiles/CMakeTmp'
/usr/bin/cmake -E cmake_progress_report /home/yeungsl/ebbrt-contrib/apps/counter/Debug/bm/CMakeFiles/CMakeTmp/CMakeFiles 1
Building C object CMakeFiles/cmTryCompileExec3984090097.dir/CMakeCCompilerABI.c.obj
/home/yeungsl/EbbRT/toolchain/sysroot/usr/bin/x86_64-pc-ebbrt-gcc    -o CMakeFiles/cmTryCompileExec3984090097.dir/CMakeCCompilerABI.c.obj   -c /usr/share/cmake-2.8/Modules/CMakeCCompilerABI.c
Linking C executable cmTryCompileExec3984090097
/usr/bin/cmake -E cmake_link_script CMakeFiles/cmTryCompileExec3984090097.dir/link.txt --verbose=1
/home/yeungsl/EbbRT/toolchain/sysroot/usr/bin/x86_64-pc-ebbrt-gcc     -v CMakeFiles/cmTryCompileExec3984090097.dir/CMakeCCompilerABI.c.obj  -o cmTryCompileExec3984090097   
Using built-in specs.
COLLECT_GCC=/home/yeungsl/EbbRT/toolchain/sysroot/usr/bin/x86_64-pc-ebbrt-gcc
COLLECT_LTO_WRAPPER=/home/yeungsl/EbbRT/toolchain/sysroot/usr/libexec/gcc/x86_64-pc-ebbrt/5.3.0/lto-wrapper
Target: x86_64-pc-ebbrt
Configured with: /home/yeungsl/EbbRT/toolchain/src/gcc-5.3.0/configure --target=x86_64-pc-ebbrt --prefix=/home/yeungsl/EbbRT/toolchain/sysroot/usr --with-sysroot=/home/yeungsl/EbbRT/toolchain/sysroot --enable-languages=c,c++ --disable-libssp --without-headers --disable-nls --with-newlib --enable-threads=ebbrt
Thread model: ebbrt
gcc version 5.3.0 (GCC) 
COMPILER_PATH=/home/yeungsl/EbbRT/toolchain/sysroot/usr/libexec/gcc/x86_64-pc-ebbrt/5.3.0/:/home/yeungsl/EbbRT/toolchain/sysroot/usr/libexec/gcc/x86_64-pc-ebbrt/5.3.0/:/home/yeungsl/EbbRT/toolchain/sysroot/usr/libexec/gcc/x86_64-pc-ebbrt/:/home/yeungsl/EbbRT/toolchain/sysroot/usr/lib/gcc/x86_64-pc-ebbrt/5.3.0/:/home/yeungsl/EbbRT/toolchain/sysroot/usr/lib/gcc/x86_64-pc-ebbrt/:/home/yeungsl/EbbRT/toolchain/sysroot/usr/lib/gcc/x86_64-pc-ebbrt/5.3.0/../../../../x86_64-pc-ebbrt/bin/
LIBRARY_PATH=/home/yeungsl/EbbRT/toolchain/sysroot/usr/lib/gcc/x86_64-pc-ebbrt/5.3.0/:/home/yeungsl/EbbRT/toolchain/sysroot/usr/lib/gcc/x86_64-pc-ebbrt/5.3.0/../../../../x86_64-pc-ebbrt/lib/:/home/yeungsl/EbbRT/toolchain/sysroot/usr/lib/
COLLECT_GCC_OPTIONS='-v' '-o' 'cmTryCompileExec3984090097' '-mtune=generic' '-march=x86-64'
 /home/yeungsl/EbbRT/toolchain/sysroot/usr/libexec/gcc/x86_64-pc-ebbrt/5.3.0/collect2 -plugin /home/yeungsl/EbbRT/toolchain/sysroot/usr/libexec/gcc/x86_64-pc-ebbrt/5.3.0/liblto_plugin.so -plugin-opt=/home/yeungsl/EbbRT/toolchain/sysroot/usr/libexec/gcc/x86_64-pc-ebbrt/5.3.0/lto-wrapper -plugin-opt=-fresolution=/tmp/ccGF6teG.res -plugin-opt=-pass-through=-lgcc -plugin-opt=-pass-through=-lebbrt -plugin-opt=-pass-through=-lcapnp -plugin-opt=-pass-through=-lkj -plugin-opt=-pass-through=-lacpica -plugin-opt=-pass-through=-ltbb -plugin-opt=-pass-through=-lstdc++ -plugin-opt=-pass-through=-lsupc++ -plugin-opt=-pass-through=-lm -plugin-opt=-pass-through=-lgcc -plugin-opt=-pass-through=-lc -plugin-opt=-pass-through=-lg -plugin-opt=-pass-through=-lnosys -plugin-opt=-pass-through=-lebbrt -plugin-opt=-pass-through=-lgcc --sysroot=/home/yeungsl/EbbRT/toolchain/sysroot -o cmTryCompileExec3984090097 -L/home/yeungsl/EbbRT/toolchain/sysroot/usr/lib/gcc/x86_64-pc-ebbrt/5.3.0 -L/home/yeungsl/EbbRT/toolchain/sysroot/usr/lib/gcc/x86_64-pc-ebbrt/5.3.0/../../../../x86_64-pc-ebbrt/lib -L/home/yeungsl/EbbRT/toolchain/sysroot/usr/lib CMakeFiles/cmTryCompileExec3984090097.dir/CMakeCCompilerABI.c.obj -lgcc -lebbrt -lcapnp -lkj -lacpica -ltbb -lstdc++ -lsupc++ -lm -lgcc -lc -lg -lnosys -lebbrt -lgcc
make[2]: Leaving directory `/home/yeungsl/ebbrt-contrib/apps/counter/Debug/bm/CMakeFiles/CMakeTmp'
make[1]: Leaving directory `/home/yeungsl/ebbrt-contrib/apps/counter/Debug/bm/CMakeFiles/CMakeTmp'


Parsed C implicit link information from above output:
  link line regex: [^( *|.*[/\])(x86_64-pc-ebbrt-ld|([^/\]+-)?ld|collect2)[^/\]*( |$)]
  ignore line: [Change Dir: /home/yeungsl/ebbrt-contrib/apps/counter/Debug/bm/CMakeFiles/CMakeTmp]
  ignore line: []
  ignore line: [Run Build Command:/usr/bin/make "cmTryCompileExec3984090097/fast"]
  ignore line: [make[1]: Entering directory `/home/yeungsl/ebbrt-contrib/apps/counter/Debug/bm/CMakeFiles/CMakeTmp']
  ignore line: [/usr/bin/make -f CMakeFiles/cmTryCompileExec3984090097.dir/build.make CMakeFiles/cmTryCompileExec3984090097.dir/build]
  ignore line: [make[2]: Entering directory `/home/yeungsl/ebbrt-contrib/apps/counter/Debug/bm/CMakeFiles/CMakeTmp']
  ignore line: [/usr/bin/cmake -E cmake_progress_report /home/yeungsl/ebbrt-contrib/apps/counter/Debug/bm/CMakeFiles/CMakeTmp/CMakeFiles 1]
  ignore line: [Building C object CMakeFiles/cmTryCompileExec3984090097.dir/CMakeCCompilerABI.c.obj]
  ignore line: [/home/yeungsl/EbbRT/toolchain/sysroot/usr/bin/x86_64-pc-ebbrt-gcc    -o CMakeFiles/cmTryCompileExec3984090097.dir/CMakeCCompilerABI.c.obj   -c /usr/share/cmake-2.8/Modules/CMakeCCompilerABI.c]
  ignore line: [Linking C executable cmTryCompileExec3984090097]
  ignore line: [/usr/bin/cmake -E cmake_link_script CMakeFiles/cmTryCompileExec3984090097.dir/link.txt --verbose=1]
  ignore line: [/home/yeungsl/EbbRT/toolchain/sysroot/usr/bin/x86_64-pc-ebbrt-gcc     -v CMakeFiles/cmTryCompileExec3984090097.dir/CMakeCCompilerABI.c.obj  -o cmTryCompileExec3984090097   ]
  ignore line: [Using built-in specs.]
  ignore line: [COLLECT_GCC=/home/yeungsl/EbbRT/toolchain/sysroot/usr/bin/x86_64-pc-ebbrt-gcc]
  ignore line: [COLLECT_LTO_WRAPPER=/home/yeungsl/EbbRT/toolchain/sysroot/usr/libexec/gcc/x86_64-pc-ebbrt/5.3.0/lto-wrapper]
  ignore line: [Target: x86_64-pc-ebbrt]
  ignore line: [Configured with: /home/yeungsl/EbbRT/toolchain/src/gcc-5.3.0/configure --target=x86_64-pc-ebbrt --prefix=/home/yeungsl/EbbRT/toolchain/sysroot/usr --with-sysroot=/home/yeungsl/EbbRT/toolchain/sysroot --enable-languages=c,c++ --disable-libssp --without-headers --disable-nls --with-newlib --enable-threads=ebbrt]
  ignore line: [Thread model: ebbrt]
  ignore line: [gcc version 5.3.0 (GCC) ]
  ignore line: [COMPILER_PATH=/home/yeungsl/EbbRT/toolchain/sysroot/usr/libexec/gcc/x86_64-pc-ebbrt/5.3.0/:/home/yeungsl/EbbRT/toolchain/sysroot/usr/libexec/gcc/x86_64-pc-ebbrt/5.3.0/:/home/yeungsl/EbbRT/toolchain/sysroot/usr/libexec/gcc/x86_64-pc-ebbrt/:/home/yeungsl/EbbRT/toolchain/sysroot/usr/lib/gcc/x86_64-pc-ebbrt/5.3.0/:/home/yeungsl/EbbRT/toolchain/sysroot/usr/lib/gcc/x86_64-pc-ebbrt/:/home/yeungsl/EbbRT/toolchain/sysroot/usr/lib/gcc/x86_64-pc-ebbrt/5.3.0/../../../../x86_64-pc-ebbrt/bin/]
  ignore line: [LIBRARY_PATH=/home/yeungsl/EbbRT/toolchain/sysroot/usr/lib/gcc/x86_64-pc-ebbrt/5.3.0/:/home/yeungsl/EbbRT/toolchain/sysroot/usr/lib/gcc/x86_64-pc-ebbrt/5.3.0/../../../../x86_64-pc-ebbrt/lib/:/home/yeungsl/EbbRT/toolchain/sysroot/usr/lib/]
  ignore line: [COLLECT_GCC_OPTIONS='-v' '-o' 'cmTryCompileExec3984090097' '-mtune=generic' '-march=x86-64']
  link line: [ /home/yeungsl/EbbRT/toolchain/sysroot/usr/libexec/gcc/x86_64-pc-ebbrt/5.3.0/collect2 -plugin /home/yeungsl/EbbRT/toolchain/sysroot/usr/libexec/gcc/x86_64-pc-ebbrt/5.3.0/liblto_plugin.so -plugin-opt=/home/yeungsl/EbbRT/toolchain/sysroot/usr/libexec/gcc/x86_64-pc-ebbrt/5.3.0/lto-wrapper -plugin-opt=-fresolution=/tmp/ccGF6teG.res -plugin-opt=-pass-through=-lgcc -plugin-opt=-pass-through=-lebbrt -plugin-opt=-pass-through=-lcapnp -plugin-opt=-pass-through=-lkj -plugin-opt=-pass-through=-lacpica -plugin-opt=-pass-through=-ltbb -plugin-opt=-pass-through=-lstdc++ -plugin-opt=-pass-through=-lsupc++ -plugin-opt=-pass-through=-lm -plugin-opt=-pass-through=-lgcc -plugin-opt=-pass-through=-lc -plugin-opt=-pass-through=-lg -plugin-opt=-pass-through=-lnosys -plugin-opt=-pass-through=-lebbrt -plugin-opt=-pass-through=-lgcc --sysroot=/home/yeungsl/EbbRT/toolchain/sysroot -o cmTryCompileExec3984090097 -L/home/yeungsl/EbbRT/toolchain/sysroot/usr/lib/gcc/x86_64-pc-ebbrt/5.3.0 -L/home/yeungsl/EbbRT/toolchain/sysroot/usr/lib/gcc/x86_64-pc-ebbrt/5.3.0/../../../../x86_64-pc-ebbrt/lib -L/home/yeungsl/EbbRT/toolchain/sysroot/usr/lib CMakeFiles/cmTryCompileExec3984090097.dir/CMakeCCompilerABI.c.obj -lgcc -lebbrt -lcapnp -lkj -lacpica -ltbb -lstdc++ -lsupc++ -lm -lgcc -lc -lg -lnosys -lebbrt -lgcc]
    arg [/home/yeungsl/EbbRT/toolchain/sysroot/usr/libexec/gcc/x86_64-pc-ebbrt/5.3.0/collect2] ==> ignore
    arg [-plugin] ==> ignore
    arg [/home/yeungsl/EbbRT/toolchain/sysroot/usr/libexec/gcc/x86_64-pc-ebbrt/5.3.0/liblto_plugin.so] ==> ignore
    arg [-plugin-opt=/home/yeungsl/EbbRT/toolchain/sysroot/usr/libexec/gcc/x86_64-pc-ebbrt/5.3.0/lto-wrapper] ==> ignore
    arg [-plugin-opt=-fresolution=/tmp/ccGF6teG.res] ==> ignore
    arg [-plugin-opt=-pass-through=-lgcc] ==> ignore
    arg [-plugin-opt=-pass-through=-lebbrt] ==> ignore
    arg [-plugin-opt=-pass-through=-lcapnp] ==> ignore
    arg [-plugin-opt=-pass-through=-lkj] ==> ignore
    arg [-plugin-opt=-pass-through=-lacpica] ==> ignore
    arg [-plugin-opt=-pass-through=-ltbb] ==> ignore
    arg [-plugin-opt=-pass-through=-lstdc++] ==> ignore
    arg [-plugin-opt=-pass-through=-lsupc++] ==> ignore
    arg [-plugin-opt=-pass-through=-lm] ==> ignore
    arg [-plugin-opt=-pass-through=-lgcc] ==> ignore
    arg [-plugin-opt=-pass-through=-lc] ==> ignore
    arg [-plugin-opt=-pass-through=-lg] ==> ignore
    arg [-plugin-opt=-pass-through=-lnosys] ==> ignore
    arg [-plugin-opt=-pass-through=-lebbrt] ==> ignore
    arg [-plugin-opt=-pass-through=-lgcc] ==> ignore
    arg [--sysroot=/home/yeungsl/EbbRT/toolchain/sysroot] ==> ignore
    arg [-o] ==> ignore
    arg [cmTryCompileExec3984090097] ==> ignore
    arg [-L/home/yeungsl/EbbRT/toolchain/sysroot/usr/lib/gcc/x86_64-pc-ebbrt/5.3.0] ==> dir [/home/yeungsl/EbbRT/toolchain/sysroot/usr/lib/gcc/x86_64-pc-ebbrt/5.3.0]
    arg [-L/home/yeungsl/EbbRT/toolchain/sysroot/usr/lib/gcc/x86_64-pc-ebbrt/5.3.0/../../../../x86_64-pc-ebbrt/lib] ==> dir [/home/yeungsl/EbbRT/toolchain/sysroot/usr/lib/gcc/x86_64-pc-ebbrt/5.3.0/../../../../x86_64-pc-ebbrt/lib]
    arg [-L/home/yeungsl/EbbRT/toolchain/sysroot/usr/lib] ==> dir [/home/yeungsl/EbbRT/toolchain/sysroot/usr/lib]
    arg [CMakeFiles/cmTryCompileExec3984090097.dir/CMakeCCompilerABI.c.obj] ==> ignore
    arg [-lgcc] ==> lib [gcc]
    arg [-lebbrt] ==> lib [ebbrt]
    arg [-lcapnp] ==> lib [capnp]
    arg [-lkj] ==> lib [kj]
    arg [-lacpica] ==> lib [acpica]
    arg [-ltbb] ==> lib [tbb]
    arg [-lstdc++] ==> lib [stdc++]
    arg [-lsupc++] ==> lib [supc++]
    arg [-lm] ==> lib [m]
    arg [-lgcc] ==> lib [gcc]
    arg [-lc] ==> lib [c]
    arg [-lg] ==> lib [g]
    arg [-lnosys] ==> lib [nosys]
    arg [-lebbrt] ==> lib [ebbrt]
    arg [-lgcc] ==> lib [gcc]
  remove lib [gcc]
  remove lib [gcc]
  remove lib [gcc]
  collapse library dir [/home/yeungsl/EbbRT/toolchain/sysroot/usr/lib/gcc/x86_64-pc-ebbrt/5.3.0] ==> [/home/yeungsl/EbbRT/toolchain/sysroot/usr/lib/gcc/x86_64-pc-ebbrt/5.3.0]
  collapse library dir [/home/yeungsl/EbbRT/toolchain/sysroot/usr/lib/gcc/x86_64-pc-ebbrt/5.3.0/../../../../x86_64-pc-ebbrt/lib] ==> [/home/yeungsl/EbbRT/toolchain/sysroot/usr/x86_64-pc-ebbrt/lib]
  collapse library dir [/home/yeungsl/EbbRT/toolchain/sysroot/usr/lib] ==> [/home/yeungsl/EbbRT/toolchain/sysroot/usr/lib]
  implicit libs: [ebbrt;capnp;kj;acpica;tbb;stdc++;supc++;m;c;g;nosys;ebbrt]
  implicit dirs: [/home/yeungsl/EbbRT/toolchain/sysroot/usr/lib/gcc/x86_64-pc-ebbrt/5.3.0;/home/yeungsl/EbbRT/toolchain/sysroot/usr/x86_64-pc-ebbrt/lib;/home/yeungsl/EbbRT/toolchain/sysroot/usr/lib]
  implicit fwks: []


Determining if the CXX compiler works passed with the following output:
Change Dir: /home/yeungsl/ebbrt-contrib/apps/counter/Debug/bm/CMakeFiles/CMakeTmp

Run Build Command:/usr/bin/make "cmTryCompileExec1389635740/fast"
make[1]: Entering directory `/home/yeungsl/ebbrt-contrib/apps/counter/Debug/bm/CMakeFiles/CMakeTmp'
/usr/bin/make -f CMakeFiles/cmTryCompileExec1389635740.dir/build.make CMakeFiles/cmTryCompileExec1389635740.dir/build
make[2]: Entering directory `/home/yeungsl/ebbrt-contrib/apps/counter/Debug/bm/CMakeFiles/CMakeTmp'
/usr/bin/cmake -E cmake_progress_report /home/yeungsl/ebbrt-contrib/apps/counter/Debug/bm/CMakeFiles/CMakeTmp/CMakeFiles 1
Building CXX object CMakeFiles/cmTryCompileExec1389635740.dir/testCXXCompiler.cxx.obj
/home/yeungsl/EbbRT/toolchain/sysroot/usr/bin/x86_64-pc-ebbrt-g++     -o CMakeFiles/cmTryCompileExec1389635740.dir/testCXXCompiler.cxx.obj -c /home/yeungsl/ebbrt-contrib/apps/counter/Debug/bm/CMakeFiles/CMakeTmp/testCXXCompiler.cxx
Linking CXX executable cmTryCompileExec1389635740
/usr/bin/cmake -E cmake_link_script CMakeFiles/cmTryCompileExec1389635740.dir/link.txt --verbose=1
/home/yeungsl/EbbRT/toolchain/sysroot/usr/bin/x86_64-pc-ebbrt-g++        CMakeFiles/cmTryCompileExec1389635740.dir/testCXXCompiler.cxx.obj  -o cmTryCompileExec1389635740  
make[2]: Leaving directory `/home/yeungsl/ebbrt-contrib/apps/counter/Debug/bm/CMakeFiles/CMakeTmp'
make[1]: Leaving directory `/home/yeungsl/ebbrt-contrib/apps/counter/Debug/bm/CMakeFiles/CMakeTmp'


Detecting CXX compiler ABI info compiled with the following output:
Change Dir: /home/yeungsl/ebbrt-contrib/apps/counter/Debug/bm/CMakeFiles/CMakeTmp

Run Build Command:/usr/bin/make "cmTryCompileExec1743001917/fast"
make[1]: Entering directory `/home/yeungsl/ebbrt-contrib/apps/counter/Debug/bm/CMakeFiles/CMakeTmp'
/usr/bin/make -f CMakeFiles/cmTryCompileExec1743001917.dir/build.make CMakeFiles/cmTryCompileExec1743001917.dir/build
make[2]: Entering directory `/home/yeungsl/ebbrt-contrib/apps/counter/Debug/bm/CMakeFiles/CMakeTmp'
/usr/bin/cmake -E cmake_progress_report /home/yeungsl/ebbrt-contrib/apps/counter/Debug/bm/CMakeFiles/CMakeTmp/CMakeFiles 1
Building CXX object CMakeFiles/cmTryCompileExec1743001917.dir/CMakeCXXCompilerABI.cpp.obj
/home/yeungsl/EbbRT/toolchain/sysroot/usr/bin/x86_64-pc-ebbrt-g++     -o CMakeFiles/cmTryCompileExec1743001917.dir/CMakeCXXCompilerABI.cpp.obj -c /usr/share/cmake-2.8/Modules/CMakeCXXCompilerABI.cpp
Linking CXX executable cmTryCompileExec1743001917
/usr/bin/cmake -E cmake_link_script CMakeFiles/cmTryCompileExec1743001917.dir/link.txt --verbose=1
/home/yeungsl/EbbRT/toolchain/sysroot/usr/bin/x86_64-pc-ebbrt-g++      -v CMakeFiles/cmTryCompileExec1743001917.dir/CMakeCXXCompilerABI.cpp.obj  -o cmTryCompileExec1743001917   
Using built-in specs.
COLLECT_GCC=/home/yeungsl/EbbRT/toolchain/sysroot/usr/bin/x86_64-pc-ebbrt-g++
COLLECT_LTO_WRAPPER=/home/yeungsl/EbbRT/toolchain/sysroot/usr/libexec/gcc/x86_64-pc-ebbrt/5.3.0/lto-wrapper
Target: x86_64-pc-ebbrt
Configured with: /home/yeungsl/EbbRT/toolchain/src/gcc-5.3.0/configure --target=x86_64-pc-ebbrt --prefix=/home/yeungsl/EbbRT/toolchain/sysroot/usr --with-sysroot=/home/yeungsl/EbbRT/toolchain/sysroot --enable-languages=c,c++ --disable-libssp --without-headers --disable-nls --with-newlib --enable-threads=ebbrt
Thread model: ebbrt
gcc version 5.3.0 (GCC) 
COMPILER_PATH=/home/yeungsl/EbbRT/toolchain/sysroot/usr/libexec/gcc/x86_64-pc-ebbrt/5.3.0/:/home/yeungsl/EbbRT/toolchain/sysroot/usr/libexec/gcc/x86_64-pc-ebbrt/5.3.0/:/home/yeungsl/EbbRT/toolchain/sysroot/usr/libexec/gcc/x86_64-pc-ebbrt/:/home/yeungsl/EbbRT/toolchain/sysroot/usr/lib/gcc/x86_64-pc-ebbrt/5.3.0/:/home/yeungsl/EbbRT/toolchain/sysroot/usr/lib/gcc/x86_64-pc-ebbrt/:/home/yeungsl/EbbRT/toolchain/sysroot/usr/lib/gcc/x86_64-pc-ebbrt/5.3.0/../../../../x86_64-pc-ebbrt/bin/
LIBRARY_PATH=/home/yeungsl/EbbRT/toolchain/sysroot/usr/lib/gcc/x86_64-pc-ebbrt/5.3.0/:/home/yeungsl/EbbRT/toolchain/sysroot/usr/lib/gcc/x86_64-pc-ebbrt/5.3.0/../../../../x86_64-pc-ebbrt/lib/:/home/yeungsl/EbbRT/toolchain/sysroot/usr/lib/
COLLECT_GCC_OPTIONS='-v' '-o' 'cmTryCompileExec1743001917' '-mtune=generic' '-march=x86-64'
 /home/yeungsl/EbbRT/toolchain/sysroot/usr/libexec/gcc/x86_64-pc-ebbrt/5.3.0/collect2 -plugin /home/yeungsl/EbbRT/toolchain/sysroot/usr/libexec/gcc/x86_64-pc-ebbrt/5.3.0/liblto_plugin.so -plugin-opt=/home/yeungsl/EbbRT/toolchain/sysroot/usr/libexec/gcc/x86_64-pc-ebbrt/5.3.0/lto-wrapper -plugin-opt=-fresolution=/tmp/ccgheE9b.res -plugin-opt=-pass-through=-lgcc -plugin-opt=-pass-through=-lebbrt -plugin-opt=-pass-through=-lcapnp -plugin-opt=-pass-through=-lkj -plugin-opt=-pass-through=-lacpica -plugin-opt=-pass-through=-ltbb -plugin-opt=-pass-through=-lstdc++ -plugin-opt=-pass-through=-lsupc++ -plugin-opt=-pass-through=-lm -plugin-opt=-pass-through=-lgcc -plugin-opt=-pass-through=-lc -plugin-opt=-pass-through=-lg -plugin-opt=-pass-through=-lnosys -plugin-opt=-pass-through=-lebbrt -plugin-opt=-pass-through=-lgcc --sysroot=/home/yeungsl/EbbRT/toolchain/sysroot -o cmTryCompileExec1743001917 -L/home/yeungsl/EbbRT/toolchain/sysroot/usr/lib/gcc/x86_64-pc-ebbrt/5.3.0 -L/home/yeungsl/EbbRT/toolchain/sysroot/usr/lib/gcc/x86_64-pc-ebbrt/5.3.0/../../../../x86_64-pc-ebbrt/lib -L/home/yeungsl/EbbRT/toolchain/sysroot/usr/lib CMakeFiles/cmTryCompileExec1743001917.dir/CMakeCXXCompilerABI.cpp.obj -lstdc++ -lm -lgcc -lebbrt -lcapnp -lkj -lacpica -ltbb -lstdc++ -lsupc++ -lm -lgcc -lc -lg -lnosys -lebbrt -lgcc
make[2]: Leaving directory `/home/yeungsl/ebbrt-contrib/apps/counter/Debug/bm/CMakeFiles/CMakeTmp'
make[1]: Leaving directory `/home/yeungsl/ebbrt-contrib/apps/counter/Debug/bm/CMakeFiles/CMakeTmp'


Parsed CXX implicit link information from above output:
  link line regex: [^( *|.*[/\])(x86_64-pc-ebbrt-ld|([^/\]+-)?ld|collect2)[^/\]*( |$)]
  ignore line: [Change Dir: /home/yeungsl/ebbrt-contrib/apps/counter/Debug/bm/CMakeFiles/CMakeTmp]
  ignore line: []
  ignore line: [Run Build Command:/usr/bin/make "cmTryCompileExec1743001917/fast"]
  ignore line: [make[1]: Entering directory `/home/yeungsl/ebbrt-contrib/apps/counter/Debug/bm/CMakeFiles/CMakeTmp']
  ignore line: [/usr/bin/make -f CMakeFiles/cmTryCompileExec1743001917.dir/build.make CMakeFiles/cmTryCompileExec1743001917.dir/build]
  ignore line: [make[2]: Entering directory `/home/yeungsl/ebbrt-contrib/apps/counter/Debug/bm/CMakeFiles/CMakeTmp']
  ignore line: [/usr/bin/cmake -E cmake_progress_report /home/yeungsl/ebbrt-contrib/apps/counter/Debug/bm/CMakeFiles/CMakeTmp/CMakeFiles 1]
  ignore line: [Building CXX object CMakeFiles/cmTryCompileExec1743001917.dir/CMakeCXXCompilerABI.cpp.obj]
  ignore line: [/home/yeungsl/EbbRT/toolchain/sysroot/usr/bin/x86_64-pc-ebbrt-g++     -o CMakeFiles/cmTryCompileExec1743001917.dir/CMakeCXXCompilerABI.cpp.obj -c /usr/share/cmake-2.8/Modules/CMakeCXXCompilerABI.cpp]
  ignore line: [Linking CXX executable cmTryCompileExec1743001917]
  ignore line: [/usr/bin/cmake -E cmake_link_script CMakeFiles/cmTryCompileExec1743001917.dir/link.txt --verbose=1]
  ignore line: [/home/yeungsl/EbbRT/toolchain/sysroot/usr/bin/x86_64-pc-ebbrt-g++      -v CMakeFiles/cmTryCompileExec1743001917.dir/CMakeCXXCompilerABI.cpp.obj  -o cmTryCompileExec1743001917   ]
  ignore line: [Using built-in specs.]
  ignore line: [COLLECT_GCC=/home/yeungsl/EbbRT/toolchain/sysroot/usr/bin/x86_64-pc-ebbrt-g++]
  ignore line: [COLLECT_LTO_WRAPPER=/home/yeungsl/EbbRT/toolchain/sysroot/usr/libexec/gcc/x86_64-pc-ebbrt/5.3.0/lto-wrapper]
  ignore line: [Target: x86_64-pc-ebbrt]
  ignore line: [Configured with: /home/yeungsl/EbbRT/toolchain/src/gcc-5.3.0/configure --target=x86_64-pc-ebbrt --prefix=/home/yeungsl/EbbRT/toolchain/sysroot/usr --with-sysroot=/home/yeungsl/EbbRT/toolchain/sysroot --enable-languages=c,c++ --disable-libssp --without-headers --disable-nls --with-newlib --enable-threads=ebbrt]
  ignore line: [Thread model: ebbrt]
  ignore line: [gcc version 5.3.0 (GCC) ]
  ignore line: [COMPILER_PATH=/home/yeungsl/EbbRT/toolchain/sysroot/usr/libexec/gcc/x86_64-pc-ebbrt/5.3.0/:/home/yeungsl/EbbRT/toolchain/sysroot/usr/libexec/gcc/x86_64-pc-ebbrt/5.3.0/:/home/yeungsl/EbbRT/toolchain/sysroot/usr/libexec/gcc/x86_64-pc-ebbrt/:/home/yeungsl/EbbRT/toolchain/sysroot/usr/lib/gcc/x86_64-pc-ebbrt/5.3.0/:/home/yeungsl/EbbRT/toolchain/sysroot/usr/lib/gcc/x86_64-pc-ebbrt/:/home/yeungsl/EbbRT/toolchain/sysroot/usr/lib/gcc/x86_64-pc-ebbrt/5.3.0/../../../../x86_64-pc-ebbrt/bin/]
  ignore line: [LIBRARY_PATH=/home/yeungsl/EbbRT/toolchain/sysroot/usr/lib/gcc/x86_64-pc-ebbrt/5.3.0/:/home/yeungsl/EbbRT/toolchain/sysroot/usr/lib/gcc/x86_64-pc-ebbrt/5.3.0/../../../../x86_64-pc-ebbrt/lib/:/home/yeungsl/EbbRT/toolchain/sysroot/usr/lib/]
  ignore line: [COLLECT_GCC_OPTIONS='-v' '-o' 'cmTryCompileExec1743001917' '-mtune=generic' '-march=x86-64']
  link line: [ /home/yeungsl/EbbRT/toolchain/sysroot/usr/libexec/gcc/x86_64-pc-ebbrt/5.3.0/collect2 -plugin /home/yeungsl/EbbRT/toolchain/sysroot/usr/libexec/gcc/x86_64-pc-ebbrt/5.3.0/liblto_plugin.so -plugin-opt=/home/yeungsl/EbbRT/toolchain/sysroot/usr/libexec/gcc/x86_64-pc-ebbrt/5.3.0/lto-wrapper -plugin-opt=-fresolution=/tmp/ccgheE9b.res -plugin-opt=-pass-through=-lgcc -plugin-opt=-pass-through=-lebbrt -plugin-opt=-pass-through=-lcapnp -plugin-opt=-pass-through=-lkj -plugin-opt=-pass-through=-lacpica -plugin-opt=-pass-through=-ltbb -plugin-opt=-pass-through=-lstdc++ -plugin-opt=-pass-through=-lsupc++ -plugin-opt=-pass-through=-lm -plugin-opt=-pass-through=-lgcc -plugin-opt=-pass-through=-lc -plugin-opt=-pass-through=-lg -plugin-opt=-pass-through=-lnosys -plugin-opt=-pass-through=-lebbrt -plugin-opt=-pass-through=-lgcc --sysroot=/home/yeungsl/EbbRT/toolchain/sysroot -o cmTryCompileExec1743001917 -L/home/yeungsl/EbbRT/toolchain/sysroot/usr/lib/gcc/x86_64-pc-ebbrt/5.3.0 -L/home/yeungsl/EbbRT/toolchain/sysroot/usr/lib/gcc/x86_64-pc-ebbrt/5.3.0/../../../../x86_64-pc-ebbrt/lib -L/home/yeungsl/EbbRT/toolchain/sysroot/usr/lib CMakeFiles/cmTryCompileExec1743001917.dir/CMakeCXXCompilerABI.cpp.obj -lstdc++ -lm -lgcc -lebbrt -lcapnp -lkj -lacpica -ltbb -lstdc++ -lsupc++ -lm -lgcc -lc -lg -lnosys -lebbrt -lgcc]
    arg [/home/yeungsl/EbbRT/toolchain/sysroot/usr/libexec/gcc/x86_64-pc-ebbrt/5.3.0/collect2] ==> ignore
    arg [-plugin] ==> ignore
    arg [/home/yeungsl/EbbRT/toolchain/sysroot/usr/libexec/gcc/x86_64-pc-ebbrt/5.3.0/liblto_plugin.so] ==> ignore
    arg [-plugin-opt=/home/yeungsl/EbbRT/toolchain/sysroot/usr/libexec/gcc/x86_64-pc-ebbrt/5.3.0/lto-wrapper] ==> ignore
    arg [-plugin-opt=-fresolution=/tmp/ccgheE9b.res] ==> ignore
    arg [-plugin-opt=-pass-through=-lgcc] ==> ignore
    arg [-plugin-opt=-pass-through=-lebbrt] ==> ignore
    arg [-plugin-opt=-pass-through=-lcapnp] ==> ignore
    arg [-plugin-opt=-pass-through=-lkj] ==> ignore
    arg [-plugin-opt=-pass-through=-lacpica] ==> ignore
    arg [-plugin-opt=-pass-through=-ltbb] ==> ignore
    arg [-plugin-opt=-pass-through=-lstdc++] ==> ignore
    arg [-plugin-opt=-pass-through=-lsupc++] ==> ignore
    arg [-plugin-opt=-pass-through=-lm] ==> ignore
    arg [-plugin-opt=-pass-through=-lgcc] ==> ignore
    arg [-plugin-opt=-pass-through=-lc] ==> ignore
    arg [-plugin-opt=-pass-through=-lg] ==> ignore
    arg [-plugin-opt=-pass-through=-lnosys] ==> ignore
    arg [-plugin-opt=-pass-through=-lebbrt] ==> ignore
    arg [-plugin-opt=-pass-through=-lgcc] ==> ignore
    arg [--sysroot=/home/yeungsl/EbbRT/toolchain/sysroot] ==> ignore
    arg [-o] ==> ignore
    arg [cmTryCompileExec1743001917] ==> ignore
    arg [-L/home/yeungsl/EbbRT/toolchain/sysroot/usr/lib/gcc/x86_64-pc-ebbrt/5.3.0] ==> dir [/home/yeungsl/EbbRT/toolchain/sysroot/usr/lib/gcc/x86_64-pc-ebbrt/5.3.0]
    arg [-L/home/yeungsl/EbbRT/toolchain/sysroot/usr/lib/gcc/x86_64-pc-ebbrt/5.3.0/../../../../x86_64-pc-ebbrt/lib] ==> dir [/home/yeungsl/EbbRT/toolchain/sysroot/usr/lib/gcc/x86_64-pc-ebbrt/5.3.0/../../../../x86_64-pc-ebbrt/lib]
    arg [-L/home/yeungsl/EbbRT/toolchain/sysroot/usr/lib] ==> dir [/home/yeungsl/EbbRT/toolchain/sysroot/usr/lib]
    arg [CMakeFiles/cmTryCompileExec1743001917.dir/CMakeCXXCompilerABI.cpp.obj] ==> ignore
    arg [-lstdc++] ==> lib [stdc++]
    arg [-lm] ==> lib [m]
    arg [-lgcc] ==> lib [gcc]
    arg [-lebbrt] ==> lib [ebbrt]
    arg [-lcapnp] ==> lib [capnp]
    arg [-lkj] ==> lib [kj]
    arg [-lacpica] ==> lib [acpica]
    arg [-ltbb] ==> lib [tbb]
    arg [-lstdc++] ==> lib [stdc++]
    arg [-lsupc++] ==> lib [supc++]
    arg [-lm] ==> lib [m]
    arg [-lgcc] ==> lib [gcc]
    arg [-lc] ==> lib [c]
    arg [-lg] ==> lib [g]
    arg [-lnosys] ==> lib [nosys]
    arg [-lebbrt] ==> lib [ebbrt]
    arg [-lgcc] ==> lib [gcc]
  remove lib [gcc]
  remove lib [gcc]
  remove lib [gcc]
  collapse library dir [/home/yeungsl/EbbRT/toolchain/sysroot/usr/lib/gcc/x86_64-pc-ebbrt/5.3.0] ==> [/home/yeungsl/EbbRT/toolchain/sysroot/usr/lib/gcc/x86_64-pc-ebbrt/5.3.0]
  collapse library dir [/home/yeungsl/EbbRT/toolchain/sysroot/usr/lib/gcc/x86_64-pc-ebbrt/5.3.0/../../../../x86_64-pc-ebbrt/lib] ==> [/home/yeungsl/EbbRT/toolchain/sysroot/usr/x86_64-pc-ebbrt/lib]
  collapse library dir [/home/yeungsl/EbbRT/toolchain/sysroot/usr/lib] ==> [/home/yeungsl/EbbRT/toolchain/sysroot/usr/lib]
  implicit libs: [stdc++;m;ebbrt;capnp;kj;acpica;tbb;stdc++;supc++;m;c;g;nosys;ebbrt]
  implicit dirs: [/home/yeungsl/EbbRT/toolchain/sysroot/usr/lib/gcc/x86_64-pc-ebbrt/5.3.0;/home/yeungsl/EbbRT/toolchain/sysroot/usr/x86_64-pc-ebbrt/lib;/home/yeungsl/EbbRT/toolchain/sysroot/usr/lib]
  implicit fwks: []


